<?xml version="1.0" encoding="UTF-8"?>
<coverage generated="1719437839985" clover="3.2.0">
  <project timestamp="1719437839986" name="All files">
    <metrics statements="98" coveredstatements="64" conditionals="18" coveredconditionals="7" methods="38" coveredmethods="16" elements="154" coveredelements="87" complexity="0" loc="98" ncloc="98" packages="2" files="14" classes="14"/>
    <package name="components">
      <metrics statements="79" coveredstatements="50" conditionals="18" coveredconditionals="7" methods="31" coveredmethods="14"/>
      <file name="Body.js" path="C:\Users\shivanksharma4\Desktop\ReactProject\src\components\Body.js">
        <metrics statements="24" coveredstatements="14" conditionals="4" coveredconditionals="2" methods="9" coveredmethods="3"/>
        <line num="7" count="1" type="stmt"/>
        <line num="8" count="11" type="stmt"/>
        <line num="9" count="10" type="stmt"/>
        <line num="10" count="10" type="stmt"/>
        <line num="12" count="10" type="stmt"/>
        <line num="13" count="2" type="stmt"/>
        <line num="16" count="10" type="stmt"/>
        <line num="17" count="2" type="stmt"/>
        <line num="20" count="2" type="stmt"/>
        <line num="21" count="2" type="stmt"/>
        <line num="24" count="2" type="stmt"/>
        <line num="29" count="10" type="stmt"/>
        <line num="31" count="10" type="cond" truecount="1" falsecount="1"/>
        <line num="32" count="0" type="stmt"/>
        <line num="34" count="10" type="cond" truecount="1" falsecount="1"/>
        <line num="46" count="0" type="stmt"/>
        <line num="52" count="0" type="stmt"/>
        <line num="53" count="0" type="stmt"/>
        <line num="55" count="0" type="stmt"/>
        <line num="56" count="0" type="stmt"/>
        <line num="66" count="0" type="stmt"/>
        <line num="67" count="0" type="stmt"/>
        <line num="69" count="0" type="stmt"/>
        <line num="78" count="0" type="stmt"/>
      </file>
      <file name="Cart.js" path="C:\Users\shivanksharma4\Desktop\ReactProject\src\components\Cart.js">
        <metrics statements="7" coveredstatements="6" conditionals="2" coveredconditionals="2" methods="3" coveredmethods="2"/>
        <line num="6" count="1" type="stmt"/>
        <line num="7" count="2" type="stmt"/>
        <line num="9" count="1" type="stmt"/>
        <line num="11" count="1" type="stmt"/>
        <line num="13" count="1" type="stmt"/>
        <line num="14" count="0" type="stmt"/>
        <line num="17" count="1" type="stmt"/>
      </file>
      <file name="Contact.js" path="C:\Users\shivanksharma4\Desktop\ReactProject\src\components\Contact.js">
        <metrics statements="2" coveredstatements="2" conditionals="0" coveredconditionals="0" methods="1" coveredmethods="1"/>
        <line num="1" count="1" type="stmt"/>
        <line num="2" count="1" type="stmt"/>
      </file>
      <file name="Header.js" path="C:\Users\shivanksharma4\Desktop\ReactProject\src\components\Header.js">
        <metrics statements="4" coveredstatements="4" conditionals="2" coveredconditionals="1" methods="2" coveredmethods="2"/>
        <line num="5" count="2" type="stmt"/>
        <line num="7" count="3" type="stmt"/>
        <line num="8" count="6" type="stmt"/>
        <line num="9" count="3" type="stmt"/>
      </file>
      <file name="ItemList.js" path="C:\Users\shivanksharma4\Desktop\ReactProject\src\components\ItemList.js">
        <metrics statements="7" coveredstatements="4" conditionals="2" coveredconditionals="0" methods="4" coveredmethods="1"/>
        <line num="5" count="1" type="stmt"/>
        <line num="7" count="1" type="stmt"/>
        <line num="9" count="1" type="stmt"/>
        <line num="11" count="0" type="stmt"/>
        <line num="13" count="1" type="stmt"/>
        <line num="16" count="0" type="stmt"/>
        <line num="37" count="0" type="stmt"/>
      </file>
      <file name="RestaurantCard.js" path="C:\Users\shivanksharma4\Desktop\ReactProject\src\components\RestaurantCard.js">
        <metrics statements="4" coveredstatements="1" conditionals="0" coveredconditionals="0" methods="1" coveredmethods="0"/>
        <line num="2" count="1" type="stmt"/>
        <line num="3" count="0" type="stmt"/>
        <line num="5" count="0" type="stmt"/>
        <line num="6" count="0" type="stmt"/>
      </file>
      <file name="RestaurantCategory.js" path="C:\Users\shivanksharma4\Desktop\ReactProject\src\components\RestaurantCategory.js">
        <metrics statements="4" coveredstatements="1" conditionals="2" coveredconditionals="0" methods="2" coveredmethods="0"/>
        <line num="4" count="1" type="stmt"/>
        <line num="5" count="0" type="stmt"/>
        <line num="6" count="0" type="stmt"/>
        <line num="8" count="0" type="stmt"/>
      </file>
      <file name="RestaurantMenu.js" path="C:\Users\shivanksharma4\Desktop\ReactProject\src\components\RestaurantMenu.js">
        <metrics statements="23" coveredstatements="14" conditionals="6" coveredconditionals="2" methods="7" coveredmethods="3"/>
        <line num="7" count="1" type="stmt"/>
        <line num="8" count="6" type="stmt"/>
        <line num="10" count="5" type="stmt"/>
        <line num="12" count="5" type="stmt"/>
        <line num="14" count="5" type="stmt"/>
        <line num="15" count="1" type="stmt"/>
        <line num="18" count="5" type="stmt"/>
        <line num="19" count="1" type="stmt"/>
        <line num="20" count="1" type="stmt"/>
        <line num="21" count="1" type="stmt"/>
        <line num="22" count="1" type="stmt"/>
        <line num="25" count="5" type="stmt"/>
        <line num="26" count="0" type="cond" truecount="0" falsecount="2"/>
        <line num="27" count="0" type="stmt"/>
        <line num="30" count="5" type="cond" truecount="2" falsecount="0"/>
        <line num="33" count="4" type="stmt"/>
        <line num="36" count="0" type="stmt"/>
        <line num="39" count="0" type="stmt"/>
        <line num="41" count="0" type="stmt"/>
        <line num="44" count="0" type="stmt"/>
        <line num="46" count="0" type="stmt"/>
        <line num="53" count="0" type="stmt"/>
        <line num="57" count="0" type="stmt"/>
      </file>
      <file name="Shimmer.js" path="C:\Users\shivanksharma4\Desktop\ReactProject\src\components\Shimmer.js">
        <metrics statements="2" coveredstatements="2" conditionals="0" coveredconditionals="0" methods="1" coveredmethods="1"/>
        <line num="1" count="2" type="stmt"/>
        <line num="2" count="3" type="stmt"/>
      </file>
      <file name="Sum.js" path="C:\Users\shivanksharma4\Desktop\ReactProject\src\components\Sum.js">
        <metrics statements="2" coveredstatements="2" conditionals="0" coveredconditionals="0" methods="1" coveredmethods="1"/>
        <line num="1" count="1" type="stmt"/>
        <line num="2" count="1" type="stmt"/>
      </file>
    </package>
    <package name="utils">
      <metrics statements="19" coveredstatements="14" conditionals="0" coveredconditionals="0" methods="7" coveredmethods="2"/>
      <file name="appStore.js" path="C:\Users\shivanksharma4\Desktop\ReactProject\src\utils\appStore.js">
        <metrics statements="2" coveredstatements="2" conditionals="0" coveredconditionals="0" methods="0" coveredmethods="0"/>
        <line num="3" count="2" type="stmt"/>
        <line num="5" count="2" type="stmt"/>
      </file>
      <file name="cartSlice.js" path="C:\Users\shivanksharma4\Desktop\ReactProject\src\utils\cartSlice.js">
        <metrics statements="6" coveredstatements="3" conditionals="0" coveredconditionals="0" methods="3" coveredmethods="0"/>
        <line num="1" count="2" type="stmt"/>
        <line num="3" count="2" type="stmt"/>
        <line num="10" count="0" type="stmt"/>
        <line num="13" count="0" type="stmt"/>
        <line num="16" count="0" type="stmt"/>
        <line num="21" count="2" type="stmt"/>
      </file>
      <file name="constants.js" path="C:\Users\shivanksharma4\Desktop\ReactProject\src\utils\constants.js">
        <metrics statements="3" coveredstatements="3" conditionals="0" coveredconditionals="0" methods="0" coveredmethods="0"/>
        <line num="1" count="3" type="stmt"/>
        <line num="2" count="3" type="stmt"/>
        <line num="3" count="3" type="stmt"/>
      </file>
      <file name="useOnlineStatus.js" path="C:\Users\shivanksharma4\Desktop\ReactProject\src\utils\useOnlineStatus.js">
        <metrics statements="8" coveredstatements="6" conditionals="0" coveredconditionals="0" methods="4" coveredmethods="2"/>
        <line num="3" count="3" type="stmt"/>
        <line num="5" count="13" type="stmt"/>
        <line num="7" count="13" type="stmt"/>
        <line num="8" count="5" type="stmt"/>
        <line num="9" count="0" type="stmt"/>
        <line num="12" count="5" type="stmt"/>
        <line num="13" count="0" type="stmt"/>
        <line num="18" count="13" type="stmt"/>
      </file>
    </package>
  </project>
</coverage>
