{"C:\\Users\\shivanksharma4\\Desktop\\ReactProject\\src\\components\\Contact.js": {"path":"C:\\Users\\shivanksharma4\\Desktop\\ReactProject\\src\\components\\Contact.js","statementMap":{"0":{"start":{"line":1,"column":15},"end":{"line":7,"column":1}},"1":{"start":{"line":2,"column":4},"end":{"line":6,"column":5}}},"fnMap":{"0":{"name":"(anonymous_0)","decl":{"start":{"line":1,"column":15},"end":{"line":1,"column":16}},"loc":{"start":{"line":1,"column":19},"end":{"line":7,"column":1}},"line":1}},"branchMap":{},"s":{"0":1,"1":1},"f":{"0":1},"b":{},"_coverageSchema":"1a1c01bbd47fc00a2c39e90264f33305004495a9","hash":"2b065f1ba06d8ef3e95a6749b569ea981ff37382"}
,"C:\\Users\\shivanksharma4\\Desktop\\ReactProject\\src\\components\\Sum.js": {"path":"C:\\Users\\shivanksharma4\\Desktop\\ReactProject\\src\\components\\Sum.js","statementMap":{"0":{"start":{"line":1,"column":18},"end":{"line":3,"column":1}},"1":{"start":{"line":2,"column":2},"end":{"line":2,"column":12}}},"fnMap":{"0":{"name":"(anonymous_0)","decl":{"start":{"line":1,"column":18},"end":{"line":1,"column":19}},"loc":{"start":{"line":1,"column":25},"end":{"line":3,"column":1}},"line":1}},"branchMap":{},"s":{"0":1,"1":1},"f":{"0":1},"b":{},"_coverageSchema":"1a1c01bbd47fc00a2c39e90264f33305004495a9","hash":"b27645020ae5dfbd424452880ebce8824c1fe9fd"}
}
