{"C:\\Users\\shivanksharma4\\Desktop\\ReactProject\\src\\components\\Body.js": {"path":"C:\\Users\\shivanksharma4\\Desktop\\ReactProject\\src\\components\\Body.js","statementMap":{"0":{"start":{"line":7,"column":13},"end":{"line":88,"column":1}},"1":{"start":{"line":8,"column":51},"end":{"line":8,"column":63}},"2":{"start":{"line":9,"column":56},"end":{"line":9,"column":68}},"3":{"start":{"line":10,"column":38},"end":{"line":10,"column":50}},"4":{"start":{"line":12,"column":2},"end":{"line":14,"column":9}},"5":{"start":{"line":13,"column":4},"end":{"line":13,"column":16}},"6":{"start":{"line":16,"column":20},"end":{"line":27,"column":3}},"7":{"start":{"line":17,"column":17},"end":{"line":19,"column":5}},"8":{"start":{"line":20,"column":17},"end":{"line":20,"column":34}},"9":{"start":{"line":21,"column":4},"end":{"line":23,"column":6}},"10":{"start":{"line":24,"column":4},"end":{"line":26,"column":6}},"11":{"start":{"line":29,"column":23},"end":{"line":29,"column":40}},"12":{"start":{"line":31,"column":2},"end":{"line":32,"column":45}},"13":{"start":{"line":32,"column":2},"end":{"line":32,"column":45}},"14":{"start":{"line":34,"column":2},"end":{"line":87,"column":4}},"15":{"start":{"line":46,"column":14},"end":{"line":46,"column":44}},"16":{"start":{"line":52,"column":35},"end":{"line":54,"column":15}},"17":{"start":{"line":53,"column":16},"end":{"line":53,"column":78}},"18":{"start":{"line":55,"column":14},"end":{"line":55,"column":40}},"19":{"start":{"line":56,"column":14},"end":{"line":56,"column":51}},"20":{"start":{"line":66,"column":33},"end":{"line":68,"column":13}},"21":{"start":{"line":67,"column":23},"end":{"line":67,"column":45}},"22":{"start":{"line":69,"column":12},"end":{"line":69,"column":49}},"23":{"start":{"line":78,"column":10},"end":{"line":83,"column":17}}},"fnMap":{"0":{"name":"(anonymous_0)","decl":{"start":{"line":7,"column":13},"end":{"line":7,"column":14}},"loc":{"start":{"line":7,"column":19},"end":{"line":88,"column":1}},"line":7},"1":{"name":"(anonymous_1)","decl":{"start":{"line":12,"column":12},"end":{"line":12,"column":13}},"loc":{"start":{"line":12,"column":18},"end":{"line":14,"column":3}},"line":12},"2":{"name":"(anonymous_2)","decl":{"start":{"line":16,"column":20},"end":{"line":16,"column":21}},"loc":{"start":{"line":16,"column":32},"end":{"line":27,"column":3}},"line":16},"3":{"name":"(anonymous_3)","decl":{"start":{"line":45,"column":22},"end":{"line":45,"column":23}},"loc":{"start":{"line":45,"column":29},"end":{"line":47,"column":13}},"line":45},"4":{"name":"(anonymous_4)","decl":{"start":{"line":51,"column":21},"end":{"line":51,"column":22}},"loc":{"start":{"line":51,"column":27},"end":{"line":57,"column":13}},"line":51},"5":{"name":"(anonymous_5)","decl":{"start":{"line":52,"column":60},"end":{"line":52,"column":61}},"loc":{"start":{"line":53,"column":16},"end":{"line":53,"column":78}},"line":53},"6":{"name":"(anonymous_6)","decl":{"start":{"line":65,"column":19},"end":{"line":65,"column":20}},"loc":{"start":{"line":65,"column":25},"end":{"line":70,"column":11}},"line":65},"7":{"name":"(anonymous_7)","decl":{"start":{"line":67,"column":14},"end":{"line":67,"column":15}},"loc":{"start":{"line":67,"column":23},"end":{"line":67,"column":45}},"line":67},"8":{"name":"(anonymous_8)","decl":{"start":{"line":77,"column":33},"end":{"line":77,"column":34}},"loc":{"start":{"line":78,"column":10},"end":{"line":83,"column":17}},"line":78}},"branchMap":{"0":{"loc":{"start":{"line":31,"column":2},"end":{"line":32,"column":45}},"type":"if","locations":[{"start":{"line":31,"column":2},"end":{"line":32,"column":45}},{"start":{},"end":{}}],"line":31},"1":{"loc":{"start":{"line":34,"column":9},"end":{"line":87,"column":3}},"type":"cond-expr","locations":[{"start":{"line":35,"column":4},"end":{"line":35,"column":15}},{"start":{"line":37,"column":4},"end":{"line":86,"column":10}}],"line":34}},"s":{"0":1,"1":11,"2":10,"3":10,"4":10,"5":2,"6":10,"7":2,"8":2,"9":2,"10":2,"11":10,"12":10,"13":0,"14":10,"15":0,"16":0,"17":0,"18":0,"19":0,"20":0,"21":0,"22":0,"23":0},"f":{"0":11,"1":2,"2":2,"3":0,"4":0,"5":0,"6":0,"7":0,"8":0},"b":{"0":[0,10],"1":[2,0]},"_coverageSchema":"1a1c01bbd47fc00a2c39e90264f33305004495a9","hash":"5e07b82ea8febc9fa3571d16207e5f3171c87757"}
,"C:\\Users\\shivanksharma4\\Desktop\\ReactProject\\src\\components\\Cart.js": {"path":"C:\\Users\\shivanksharma4\\Desktop\\ReactProject\\src\\components\\Cart.js","statementMap":{"0":{"start":{"line":6,"column":13},"end":{"line":34,"column":1}},"1":{"start":{"line":7,"column":20},"end":{"line":7,"column":60}},"2":{"start":{"line":7,"column":43},"end":{"line":7,"column":59}},"3":{"start":{"line":9,"column":2},"end":{"line":9,"column":25}},"4":{"start":{"line":11,"column":19},"end":{"line":11,"column":32}},"5":{"start":{"line":13,"column":26},"end":{"line":15,"column":3}},"6":{"start":{"line":14,"column":4},"end":{"line":14,"column":26}},"7":{"start":{"line":17,"column":2},"end":{"line":33,"column":4}}},"fnMap":{"0":{"name":"(anonymous_0)","decl":{"start":{"line":6,"column":13},"end":{"line":6,"column":14}},"loc":{"start":{"line":6,"column":19},"end":{"line":34,"column":1}},"line":6},"1":{"name":"(anonymous_1)","decl":{"start":{"line":7,"column":32},"end":{"line":7,"column":33}},"loc":{"start":{"line":7,"column":43},"end":{"line":7,"column":59}},"line":7},"2":{"name":"(anonymous_2)","decl":{"start":{"line":13,"column":26},"end":{"line":13,"column":27}},"loc":{"start":{"line":13,"column":32},"end":{"line":15,"column":3}},"line":13}},"branchMap":{"0":{"loc":{"start":{"line":27,"column":9},"end":{"line":29,"column":9}},"type":"binary-expr","locations":[{"start":{"line":27,"column":9},"end":{"line":27,"column":32}},{"start":{"line":28,"column":10},"end":{"line":28,"column":57}}],"line":27}},"s":{"0":1,"1":1,"2":2,"3":1,"4":1,"5":1,"6":0,"7":1},"f":{"0":1,"1":2,"2":0},"b":{"0":[1,1]},"_coverageSchema":"1a1c01bbd47fc00a2c39e90264f33305004495a9","hash":"3e10cafb4ab1196978cef4fa91005f2566bde8dd"}
,"C:\\Users\\shivanksharma4\\Desktop\\ReactProject\\src\\components\\Contact.js": {"path":"C:\\Users\\shivanksharma4\\Desktop\\ReactProject\\src\\components\\Contact.js","statementMap":{"0":{"start":{"line":1,"column":15},"end":{"line":7,"column":1}},"1":{"start":{"line":2,"column":4},"end":{"line":6,"column":5}}},"fnMap":{"0":{"name":"(anonymous_0)","decl":{"start":{"line":1,"column":15},"end":{"line":1,"column":16}},"loc":{"start":{"line":1,"column":19},"end":{"line":7,"column":1}},"line":1}},"branchMap":{},"s":{"0":1,"1":1},"f":{"0":1},"b":{},"_coverageSchema":"1a1c01bbd47fc00a2c39e90264f33305004495a9","hash":"2b065f1ba06d8ef3e95a6749b569ea981ff37382"}
,"C:\\Users\\shivanksharma4\\Desktop\\ReactProject\\src\\components\\Header.js": {"path":"C:\\Users\\shivanksharma4\\Desktop\\ReactProject\\src\\components\\Header.js","statementMap":{"0":{"start":{"line":5,"column":15},"end":{"line":35,"column":1}},"1":{"start":{"line":7,"column":23},"end":{"line":7,"column":40}},"2":{"start":{"line":8,"column":19},"end":{"line":8,"column":58}},"3":{"start":{"line":8,"column":41},"end":{"line":8,"column":57}},"4":{"start":{"line":9,"column":2},"end":{"line":34,"column":4}}},"fnMap":{"0":{"name":"(anonymous_0)","decl":{"start":{"line":5,"column":15},"end":{"line":5,"column":16}},"loc":{"start":{"line":5,"column":21},"end":{"line":35,"column":1}},"line":5},"1":{"name":"(anonymous_1)","decl":{"start":{"line":8,"column":31},"end":{"line":8,"column":32}},"loc":{"start":{"line":8,"column":41},"end":{"line":8,"column":57}},"line":8}},"branchMap":{"0":{"loc":{"start":{"line":17,"column":29},"end":{"line":17,"column":50}},"type":"cond-expr","locations":[{"start":{"line":17,"column":42},"end":{"line":17,"column":45}},{"start":{"line":17,"column":46},"end":{"line":17,"column":50}}],"line":17}},"s":{"0":2,"1":3,"2":3,"3":6,"4":3},"f":{"0":3,"1":6},"b":{"0":[3,0]},"_coverageSchema":"1a1c01bbd47fc00a2c39e90264f33305004495a9","hash":"045dc08c6a8f53fd666e8826bcc0b31affe995a7"}
,"C:\\Users\\shivanksharma4\\Desktop\\ReactProject\\src\\components\\ItemList.js": {"path":"C:\\Users\\shivanksharma4\\Desktop\\ReactProject\\src\\components\\ItemList.js","statementMap":{"0":{"start":{"line":5,"column":17},"end":{"line":48,"column":1}},"1":{"start":{"line":7,"column":21},"end":{"line":7,"column":34}},"2":{"start":{"line":9,"column":26},"end":{"line":12,"column":5}},"3":{"start":{"line":11,"column":6},"end":{"line":11,"column":30}},"4":{"start":{"line":13,"column":2},"end":{"line":47,"column":4}},"5":{"start":{"line":16,"column":8},"end":{"line":44,"column":14}},"6":{"start":{"line":37,"column":31},"end":{"line":37,"column":50}}},"fnMap":{"0":{"name":"(anonymous_0)","decl":{"start":{"line":5,"column":17},"end":{"line":5,"column":18}},"loc":{"start":{"line":5,"column":39},"end":{"line":48,"column":1}},"line":5},"1":{"name":"(anonymous_1)","decl":{"start":{"line":9,"column":26},"end":{"line":9,"column":27}},"loc":{"start":{"line":9,"column":36},"end":{"line":12,"column":5}},"line":9},"2":{"name":"(anonymous_2)","decl":{"start":{"line":15,"column":17},"end":{"line":15,"column":18}},"loc":{"start":{"line":16,"column":8},"end":{"line":44,"column":14}},"line":16},"3":{"name":"(anonymous_3)","decl":{"start":{"line":37,"column":25},"end":{"line":37,"column":26}},"loc":{"start":{"line":37,"column":31},"end":{"line":37,"column":50}},"line":37}},"branchMap":{"0":{"loc":{"start":{"line":26,"column":17},"end":{"line":28,"column":53}},"type":"cond-expr","locations":[{"start":{"line":27,"column":20},"end":{"line":27,"column":46}},{"start":{"line":28,"column":20},"end":{"line":28,"column":53}}],"line":26}},"s":{"0":1,"1":1,"2":1,"3":0,"4":1,"5":0,"6":0},"f":{"0":1,"1":0,"2":0,"3":0},"b":{"0":[0,0]},"_coverageSchema":"1a1c01bbd47fc00a2c39e90264f33305004495a9","hash":"7f7df49f2b80442bda36d6ab2850dc848dbb2323"}
,"C:\\Users\\shivanksharma4\\Desktop\\ReactProject\\src\\components\\RestaurantCard.js": {"path":"C:\\Users\\shivanksharma4\\Desktop\\ReactProject\\src\\components\\RestaurantCard.js","statementMap":{"0":{"start":{"line":2,"column":23},"end":{"line":16,"column":1}},"1":{"start":{"line":3,"column":22},"end":{"line":3,"column":27}},"2":{"start":{"line":5,"column":4},"end":{"line":5,"column":17}},"3":{"start":{"line":6,"column":2},"end":{"line":15,"column":4}}},"fnMap":{"0":{"name":"(anonymous_0)","decl":{"start":{"line":2,"column":23},"end":{"line":2,"column":24}},"loc":{"start":{"line":2,"column":34},"end":{"line":16,"column":1}},"line":2}},"branchMap":{},"s":{"0":1,"1":0,"2":0,"3":0},"f":{"0":0},"b":{},"_coverageSchema":"1a1c01bbd47fc00a2c39e90264f33305004495a9","hash":"3600275efd8d31d2d74efe0c4901702815f8f2aa"}
,"C:\\Users\\shivanksharma4\\Desktop\\ReactProject\\src\\components\\RestaurantCategory.js": {"path":"C:\\Users\\shivanksharma4\\Desktop\\ReactProject\\src\\components\\RestaurantCategory.js","statementMap":{"0":{"start":{"line":4,"column":27},"end":{"line":26,"column":1}},"1":{"start":{"line":5,"column":22},"end":{"line":7,"column":3}},"2":{"start":{"line":6,"column":4},"end":{"line":6,"column":19}},"3":{"start":{"line":8,"column":2},"end":{"line":25,"column":4}}},"fnMap":{"0":{"name":"(anonymous_0)","decl":{"start":{"line":4,"column":27},"end":{"line":4,"column":28}},"loc":{"start":{"line":4,"column":73},"end":{"line":26,"column":1}},"line":4},"1":{"name":"(anonymous_1)","decl":{"start":{"line":5,"column":22},"end":{"line":5,"column":23}},"loc":{"start":{"line":5,"column":28},"end":{"line":7,"column":3}},"line":5}},"branchMap":{"0":{"loc":{"start":{"line":22,"column":9},"end":{"line":22,"column":71}},"type":"binary-expr","locations":[{"start":{"line":22,"column":9},"end":{"line":22,"column":18}},{"start":{"line":22,"column":22},"end":{"line":22,"column":71}}],"line":22}},"s":{"0":1,"1":0,"2":0,"3":0},"f":{"0":0,"1":0},"b":{"0":[0,0]},"_coverageSchema":"1a1c01bbd47fc00a2c39e90264f33305004495a9","hash":"5459d60c07877aefb762a1d89aca26e335d949bd"}
,"C:\\Users\\shivanksharma4\\Desktop\\ReactProject\\src\\components\\RestaurantMenu.js": {"path":"C:\\Users\\shivanksharma4\\Desktop\\ReactProject\\src\\components\\RestaurantMenu.js","statementMap":{"0":{"start":{"line":7,"column":23},"end":{"line":62,"column":1}},"1":{"start":{"line":8,"column":32},"end":{"line":8,"column":46}},"2":{"start":{"line":10,"column":20},"end":{"line":10,"column":31}},"3":{"start":{"line":12,"column":36},"end":{"line":12,"column":50}},"4":{"start":{"line":14,"column":2},"end":{"line":16,"column":9}},"5":{"start":{"line":15,"column":4},"end":{"line":15,"column":16}},"6":{"start":{"line":18,"column":2},"end":{"line":23,"column":4}},"7":{"start":{"line":19,"column":17},"end":{"line":19,"column":46}},"8":{"start":{"line":20,"column":17},"end":{"line":20,"column":34}},"9":{"start":{"line":21,"column":4},"end":{"line":21,"column":26}},"10":{"start":{"line":22,"column":4},"end":{"line":22,"column":27}},"11":{"start":{"line":25,"column":2},"end":{"line":28,"column":4}},"12":{"start":{"line":26,"column":4},"end":{"line":27,"column":28}},"13":{"start":{"line":26,"column":28},"end":{"line":26,"column":48}},"14":{"start":{"line":27,"column":9},"end":{"line":27,"column":28}},"15":{"start":{"line":30,"column":2},"end":{"line":30,"column":43}},"16":{"start":{"line":30,"column":24},"end":{"line":30,"column":43}},"17":{"start":{"line":33,"column":4},"end":{"line":33,"column":39}},"18":{"start":{"line":36,"column":4},"end":{"line":36,"column":79}},"19":{"start":{"line":39,"column":4},"end":{"line":43,"column":5}},"20":{"start":{"line":41,"column":8},"end":{"line":42,"column":70}},"21":{"start":{"line":44,"column":2},"end":{"line":44,"column":26}},"22":{"start":{"line":46,"column":2},"end":{"line":61,"column":4}},"23":{"start":{"line":53,"column":8},"end":{"line":58,"column":10}},"24":{"start":{"line":57,"column":30},"end":{"line":57,"column":48}}},"fnMap":{"0":{"name":"(anonymous_0)","decl":{"start":{"line":7,"column":23},"end":{"line":7,"column":24}},"loc":{"start":{"line":7,"column":29},"end":{"line":62,"column":1}},"line":7},"1":{"name":"(anonymous_1)","decl":{"start":{"line":14,"column":12},"end":{"line":14,"column":13}},"loc":{"start":{"line":14,"column":18},"end":{"line":16,"column":3}},"line":14},"2":{"name":"(anonymous_2)","decl":{"start":{"line":18,"column":14},"end":{"line":18,"column":15}},"loc":{"start":{"line":18,"column":26},"end":{"line":23,"column":3}},"line":18},"3":{"name":"(anonymous_3)","decl":{"start":{"line":25,"column":16},"end":{"line":25,"column":17}},"loc":{"start":{"line":25,"column":27},"end":{"line":28,"column":3}},"line":25},"4":{"name":"(anonymous_4)","decl":{"start":{"line":40,"column":6},"end":{"line":40,"column":7}},"loc":{"start":{"line":41,"column":8},"end":{"line":42,"column":70}},"line":41},"5":{"name":"(anonymous_5)","decl":{"start":{"line":52,"column":22},"end":{"line":52,"column":23}},"loc":{"start":{"line":53,"column":8},"end":{"line":58,"column":10}},"line":53},"6":{"name":"(anonymous_6)","decl":{"start":{"line":57,"column":24},"end":{"line":57,"column":25}},"loc":{"start":{"line":57,"column":30},"end":{"line":57,"column":48}},"line":57}},"branchMap":{"0":{"loc":{"start":{"line":26,"column":4},"end":{"line":27,"column":28}},"type":"if","locations":[{"start":{"line":26,"column":4},"end":{"line":27,"column":28}},{"start":{"line":27,"column":9},"end":{"line":27,"column":28}}],"line":26},"1":{"loc":{"start":{"line":30,"column":2},"end":{"line":30,"column":43}},"type":"if","locations":[{"start":{"line":30,"column":2},"end":{"line":30,"column":43}},{"start":{},"end":{}}],"line":30},"2":{"loc":{"start":{"line":56,"column":21},"end":{"line":56,"column":55}},"type":"cond-expr","locations":[{"start":{"line":56,"column":43},"end":{"line":56,"column":47}},{"start":{"line":56,"column":50},"end":{"line":56,"column":55}}],"line":56}},"s":{"0":1,"1":6,"2":5,"3":5,"4":5,"5":1,"6":5,"7":1,"8":1,"9":1,"10":1,"11":5,"12":0,"13":0,"14":0,"15":5,"16":1,"17":4,"18":0,"19":0,"20":0,"21":0,"22":0,"23":0,"24":0},"f":{"0":6,"1":1,"2":1,"3":0,"4":0,"5":0,"6":0},"b":{"0":[0,0],"1":[1,4],"2":[0,0]},"_coverageSchema":"1a1c01bbd47fc00a2c39e90264f33305004495a9","hash":"a4a03defaf8d0dc24f304be6ef109cc30fe99710"}
,"C:\\Users\\shivanksharma4\\Desktop\\ReactProject\\src\\components\\Shimmer.js": {"path":"C:\\Users\\shivanksharma4\\Desktop\\ReactProject\\src\\components\\Shimmer.js","statementMap":{"0":{"start":{"line":1,"column":16},"end":{"line":15,"column":1}},"1":{"start":{"line":2,"column":2},"end":{"line":14,"column":4}}},"fnMap":{"0":{"name":"(anonymous_0)","decl":{"start":{"line":1,"column":16},"end":{"line":1,"column":17}},"loc":{"start":{"line":1,"column":22},"end":{"line":15,"column":1}},"line":1}},"branchMap":{},"s":{"0":2,"1":3},"f":{"0":3},"b":{},"_coverageSchema":"1a1c01bbd47fc00a2c39e90264f33305004495a9","hash":"7c3e237ad34f53630ff4c069f570d96fae9a3d69"}
,"C:\\Users\\shivanksharma4\\Desktop\\ReactProject\\src\\components\\Sum.js": {"path":"C:\\Users\\shivanksharma4\\Desktop\\ReactProject\\src\\components\\Sum.js","statementMap":{"0":{"start":{"line":1,"column":18},"end":{"line":3,"column":1}},"1":{"start":{"line":2,"column":2},"end":{"line":2,"column":12}}},"fnMap":{"0":{"name":"(anonymous_0)","decl":{"start":{"line":1,"column":18},"end":{"line":1,"column":19}},"loc":{"start":{"line":1,"column":25},"end":{"line":3,"column":1}},"line":1}},"branchMap":{},"s":{"0":1,"1":1},"f":{"0":1},"b":{},"_coverageSchema":"1a1c01bbd47fc00a2c39e90264f33305004495a9","hash":"b27645020ae5dfbd424452880ebce8824c1fe9fd"}
,"C:\\Users\\shivanksharma4\\Desktop\\ReactProject\\src\\utils\\appStore.js": {"path":"C:\\Users\\shivanksharma4\\Desktop\\ReactProject\\src\\utils\\appStore.js","statementMap":{"0":{"start":{"line":3,"column":27},"end":{"line":3,"column":54}},"1":{"start":{"line":5,"column":16},"end":{"line":9,"column":2}}},"fnMap":{},"branchMap":{},"s":{"0":2,"1":2},"f":{},"b":{},"_coverageSchema":"1a1c01bbd47fc00a2c39e90264f33305004495a9","hash":"63410551e74044c2d7857ec9d5dfd9dd11c665a5"}
,"C:\\Users\\shivanksharma4\\Desktop\\ReactProject\\src\\utils\\cartSlice.js": {"path":"C:\\Users\\shivanksharma4\\Desktop\\ReactProject\\src\\utils\\cartSlice.js","statementMap":{"0":{"start":{"line":1,"column":24},"end":{"line":1,"column":51}},"1":{"start":{"line":3,"column":18},"end":{"line":19,"column":2}},"2":{"start":{"line":10,"column":11},"end":{"line":10,"column":43}},"3":{"start":{"line":13,"column":11},"end":{"line":13,"column":29}},"4":{"start":{"line":16,"column":11},"end":{"line":16,"column":32}},"5":{"start":{"line":21,"column":47},"end":{"line":21,"column":64}}},"fnMap":{"0":{"name":"(anonymous_0)","decl":{"start":{"line":9,"column":16},"end":{"line":9,"column":17}},"loc":{"start":{"line":9,"column":33},"end":{"line":11,"column":9}},"line":9},"1":{"name":"(anonymous_1)","decl":{"start":{"line":12,"column":19},"end":{"line":12,"column":20}},"loc":{"start":{"line":12,"column":36},"end":{"line":14,"column":9}},"line":12},"2":{"name":"(anonymous_2)","decl":{"start":{"line":15,"column":18},"end":{"line":15,"column":19}},"loc":{"start":{"line":15,"column":27},"end":{"line":17,"column":9}},"line":15}},"branchMap":{},"s":{"0":2,"1":2,"2":0,"3":0,"4":0,"5":2},"f":{"0":0,"1":0,"2":0},"b":{},"_coverageSchema":"1a1c01bbd47fc00a2c39e90264f33305004495a9","hash":"f820ba235af455cc38fdce3f172ab7faf999d8b4"}
,"C:\\Users\\shivanksharma4\\Desktop\\ReactProject\\src\\utils\\constants.js": {"path":"C:\\Users\\shivanksharma4\\Desktop\\ReactProject\\src\\utils\\constants.js","statementMap":{"0":{"start":{"line":1,"column":21},"end":{"line":1,"column":104}},"1":{"start":{"line":2,"column":22},"end":{"line":2,"column":177}},"2":{"start":{"line":3,"column":22},"end":{"line":3,"column":152}}},"fnMap":{},"branchMap":{},"s":{"0":3,"1":3,"2":3},"f":{},"b":{},"_coverageSchema":"1a1c01bbd47fc00a2c39e90264f33305004495a9","hash":"f5eafb11f52f807b25a83487d373ba69958fd968"}
,"C:\\Users\\shivanksharma4\\Desktop\\ReactProject\\src\\utils\\useOnlineStatus.js": {"path":"C:\\Users\\shivanksharma4\\Desktop\\ReactProject\\src\\utils\\useOnlineStatus.js","statementMap":{"0":{"start":{"line":3,"column":23},"end":{"line":20,"column":1}},"1":{"start":{"line":5,"column":43},"end":{"line":5,"column":57}},"2":{"start":{"line":7,"column":4},"end":{"line":16,"column":9}},"3":{"start":{"line":8,"column":6},"end":{"line":10,"column":8}},"4":{"start":{"line":9,"column":8},"end":{"line":9,"column":31}},"5":{"start":{"line":12,"column":6},"end":{"line":14,"column":8}},"6":{"start":{"line":13,"column":8},"end":{"line":13,"column":30}},"7":{"start":{"line":18,"column":4},"end":{"line":18,"column":24}}},"fnMap":{"0":{"name":"(anonymous_0)","decl":{"start":{"line":3,"column":23},"end":{"line":3,"column":24}},"loc":{"start":{"line":3,"column":27},"end":{"line":20,"column":1}},"line":3},"1":{"name":"(anonymous_1)","decl":{"start":{"line":7,"column":14},"end":{"line":7,"column":15}},"loc":{"start":{"line":7,"column":18},"end":{"line":16,"column":5}},"line":7},"2":{"name":"(anonymous_2)","decl":{"start":{"line":8,"column":40},"end":{"line":8,"column":41}},"loc":{"start":{"line":8,"column":44},"end":{"line":10,"column":7}},"line":8},"3":{"name":"(anonymous_3)","decl":{"start":{"line":12,"column":39},"end":{"line":12,"column":40}},"loc":{"start":{"line":12,"column":43},"end":{"line":14,"column":7}},"line":12}},"branchMap":{},"s":{"0":3,"1":13,"2":13,"3":5,"4":0,"5":5,"6":0,"7":13},"f":{"0":13,"1":5,"2":0,"3":0},"b":{},"_coverageSchema":"1a1c01bbd47fc00a2c39e90264f33305004495a9","hash":"9733e91d6f423bad024f832d5aa379d00b7b92f5"}
}
