TN:
SF:src\components\Body.js
FN:7,(anonymous_0)
FN:12,(anonymous_1)
FN:16,(anonymous_2)
FN:45,(anonymous_3)
FN:51,(anonymous_4)
FN:52,(anonymous_5)
FN:65,(anonymous_6)
FN:67,(anonymous_7)
FN:77,(anonymous_8)
FNF:9
FNH:3
FNDA:11,(anonymous_0)
FNDA:2,(anonymous_1)
FNDA:2,(anonymous_2)
FNDA:0,(anonymous_3)
FNDA:0,(anonymous_4)
FNDA:0,(anonymous_5)
FNDA:0,(anonymous_6)
FNDA:0,(anonymous_7)
FNDA:0,(anonymous_8)
DA:7,1
DA:8,11
DA:9,10
DA:10,10
DA:12,10
DA:13,2
DA:16,10
DA:17,2
DA:20,2
DA:21,2
DA:24,2
DA:29,10
DA:31,10
DA:32,0
DA:34,10
DA:46,0
DA:52,0
DA:53,0
DA:55,0
DA:56,0
DA:66,0
DA:67,0
DA:69,0
DA:78,0
LF:24
LH:14
BRDA:31,0,0,0
BRDA:31,0,1,10
BRDA:34,1,0,2
BRDA:34,1,1,0
BRF:4
BRH:2
end_of_record
TN:
SF:src\components\Cart.js
FN:6,(anonymous_0)
FN:7,(anonymous_1)
FN:13,(anonymous_2)
FNF:3
FNH:2
FNDA:1,(anonymous_0)
FNDA:2,(anonymous_1)
FNDA:0,(anonymous_2)
DA:6,1
DA:7,2
DA:9,1
DA:11,1
DA:13,1
DA:14,0
DA:17,1
LF:7
LH:6
BRDA:27,0,0,1
BRDA:27,0,1,1
BRF:2
BRH:2
end_of_record
TN:
SF:src\components\Contact.js
FN:1,(anonymous_0)
FNF:1
FNH:1
FNDA:1,(anonymous_0)
DA:1,1
DA:2,1
LF:2
LH:2
BRF:0
BRH:0
end_of_record
TN:
SF:src\components\Header.js
FN:5,(anonymous_0)
FN:8,(anonymous_1)
FNF:2
FNH:2
FNDA:3,(anonymous_0)
FNDA:6,(anonymous_1)
DA:5,2
DA:7,3
DA:8,6
DA:9,3
LF:4
LH:4
BRDA:17,0,0,3
BRDA:17,0,1,0
BRF:2
BRH:1
end_of_record
TN:
SF:src\components\ItemList.js
FN:5,(anonymous_0)
FN:9,(anonymous_1)
FN:15,(anonymous_2)
FN:37,(anonymous_3)
FNF:4
FNH:1
FNDA:1,(anonymous_0)
FNDA:0,(anonymous_1)
FNDA:0,(anonymous_2)
FNDA:0,(anonymous_3)
DA:5,1
DA:7,1
DA:9,1
DA:11,0
DA:13,1
DA:16,0
DA:37,0
LF:7
LH:4
BRDA:26,0,0,0
BRDA:26,0,1,0
BRF:2
BRH:0
end_of_record
TN:
SF:src\components\RestaurantCard.js
FN:2,(anonymous_0)
FNF:1
FNH:0
FNDA:0,(anonymous_0)
DA:2,1
DA:3,0
DA:5,0
DA:6,0
LF:4
LH:1
BRF:0
BRH:0
end_of_record
TN:
SF:src\components\RestaurantCategory.js
FN:4,(anonymous_0)
FN:5,(anonymous_1)
FNF:2
FNH:0
FNDA:0,(anonymous_0)
FNDA:0,(anonymous_1)
DA:4,1
DA:5,0
DA:6,0
DA:8,0
LF:4
LH:1
BRDA:22,0,0,0
BRDA:22,0,1,0
BRF:2
BRH:0
end_of_record
TN:
SF:src\components\RestaurantMenu.js
FN:7,(anonymous_0)
FN:14,(anonymous_1)
FN:18,(anonymous_2)
FN:25,(anonymous_3)
FN:40,(anonymous_4)
FN:52,(anonymous_5)
FN:57,(anonymous_6)
FNF:7
FNH:3
FNDA:6,(anonymous_0)
FNDA:1,(anonymous_1)
FNDA:1,(anonymous_2)
FNDA:0,(anonymous_3)
FNDA:0,(anonymous_4)
FNDA:0,(anonymous_5)
FNDA:0,(anonymous_6)
DA:7,1
DA:8,6
DA:10,5
DA:12,5
DA:14,5
DA:15,1
DA:18,5
DA:19,1
DA:20,1
DA:21,1
DA:22,1
DA:25,5
DA:26,0
DA:27,0
DA:30,5
DA:33,4
DA:36,0
DA:39,0
DA:41,0
DA:44,0
DA:46,0
DA:53,0
DA:57,0
LF:23
LH:14
BRDA:26,0,0,0
BRDA:26,0,1,0
BRDA:30,1,0,1
BRDA:30,1,1,4
BRDA:56,2,0,0
BRDA:56,2,1,0
BRF:6
BRH:2
end_of_record
TN:
SF:src\components\Shimmer.js
FN:1,(anonymous_0)
FNF:1
FNH:1
FNDA:3,(anonymous_0)
DA:1,2
DA:2,3
LF:2
LH:2
BRF:0
BRH:0
end_of_record
TN:
SF:src\components\Sum.js
FN:1,(anonymous_0)
FNF:1
FNH:1
FNDA:1,(anonymous_0)
DA:1,1
DA:2,1
LF:2
LH:2
BRF:0
BRH:0
end_of_record
TN:
SF:src\utils\appStore.js
FNF:0
FNH:0
DA:3,2
DA:5,2
LF:2
LH:2
BRF:0
BRH:0
end_of_record
TN:
SF:src\utils\cartSlice.js
FN:9,(anonymous_0)
FN:12,(anonymous_1)
FN:15,(anonymous_2)
FNF:3
FNH:0
FNDA:0,(anonymous_0)
FNDA:0,(anonymous_1)
FNDA:0,(anonymous_2)
DA:1,2
DA:3,2
DA:10,0
DA:13,0
DA:16,0
DA:21,2
LF:6
LH:3
BRF:0
BRH:0
end_of_record
TN:
SF:src\utils\constants.js
FNF:0
FNH:0
DA:1,3
DA:2,3
DA:3,3
LF:3
LH:3
BRF:0
BRH:0
end_of_record
TN:
SF:src\utils\useOnlineStatus.js
FN:3,(anonymous_0)
FN:7,(anonymous_1)
FN:8,(anonymous_2)
FN:12,(anonymous_3)
FNF:4
FNH:2
FNDA:13,(anonymous_0)
FNDA:5,(anonymous_1)
FNDA:0,(anonymous_2)
FNDA:0,(anonymous_3)
DA:3,3
DA:5,13
DA:7,13
DA:8,5
DA:9,0
DA:12,5
DA:13,0
DA:18,13
LF:8
LH:6
BRF:0
BRH:0
end_of_record
